<?xml version="1.0" encoding="UTF-8"?>
<!-- Generated by org.testng.reporters.JUnitXMLReporter -->
<testsuite hostname="Sriram-HP" ignored="0" tests="5" failures="0" timestamp="21 Feb 2019 04:10:14 GMT" time="15.489" errors="0">
  <testcase name="validateCheckBox" time="4.994" classname="TestNG"/>
  <testcase name="homepageTitle" time="2.736" classname="TestNG"/>
  <testcase name="imageDisplayed" time="1.22" classname="TestNG"/>
  <testcase name="navigateInfo" time="3.359" classname="TestNG"/>
  <testcase name="navigateContact" time="2.99" classname="TestNG"/>
</testsuite>
