<?xml version="1.0" encoding="UTF-8"?>
<testng-results skipped="0" failed="0" ignored="0" total="5" passed="5">
  <reporter-output>
  </reporter-output>
  <suite name="Default suite" duration-ms="15489" started-at="2019-02-21T04:09:58Z" finished-at="2019-02-21T04:10:14Z">
    <groups>
    </groups>
    <test name="Default test" duration-ms="15489" started-at="2019-02-21T04:09:58Z" finished-at="2019-02-21T04:10:14Z">
      <class name="TestNG">
        <test-method status="PASS" signature="beforeMethod()[pri:0, instance:TestNG@289d1c02]" name="beforeMethod" is-config="true" duration-ms="15962" started-at="2019-02-21T04:09:42Z" finished-at="2019-02-21T04:09:58Z">
          <reporter-output>
          </reporter-output>
        </test-method> <!-- beforeMethod -->
        <test-method status="PASS" signature="validateCheckBox()[pri:0, instance:TestNG@289d1c02]" name="validateCheckBox" duration-ms="4994" started-at="2019-02-21T04:09:58Z" finished-at="2019-02-21T04:10:03Z">
          <reporter-output>
          </reporter-output>
        </test-method> <!-- validateCheckBox -->
        <test-method status="PASS" signature="homepageTitle()[pri:1, instance:TestNG@289d1c02]" name="homepageTitle" duration-ms="2736" started-at="2019-02-21T04:10:03Z" finished-at="2019-02-21T04:10:06Z">
          <reporter-output>
          </reporter-output>
        </test-method> <!-- homepageTitle -->
        <test-method status="PASS" signature="imageDisplayed()[pri:2, instance:TestNG@289d1c02]" name="imageDisplayed" duration-ms="1220" started-at="2019-02-21T04:10:06Z" finished-at="2019-02-21T04:10:07Z">
          <reporter-output>
          </reporter-output>
        </test-method> <!-- imageDisplayed -->
        <test-method status="PASS" signature="navigateInfo()[pri:3, instance:TestNG@289d1c02]" name="navigateInfo" duration-ms="3359" started-at="2019-02-21T04:10:07Z" finished-at="2019-02-21T04:10:11Z">
          <reporter-output>
          </reporter-output>
        </test-method> <!-- navigateInfo -->
        <test-method status="PASS" signature="navigateContact()[pri:4, instance:TestNG@289d1c02]" name="navigateContact" duration-ms="2990" started-at="2019-02-21T04:10:11Z" finished-at="2019-02-21T04:10:14Z">
          <reporter-output>
          </reporter-output>
        </test-method> <!-- navigateContact -->
      </class> <!-- TestNG -->
    </test> <!-- Default test -->
  </suite> <!-- Default suite -->
</testng-results>
